2018-12-07 17:11:40 [INFO] Connected (version 2.0, client OpenSSH_7.4)
2018-12-07 17:11:40 [INFO] Authentication (publickey) failed.
2018-12-07 17:11:40 [INFO] Authentication (publickey) failed.
2018-12-07 17:11:40 [INFO] Authentication (password) successful!
2018-12-07 17:15:31 [INFO] Connected (version 2.0, client OpenSSH_7.4)
2018-12-07 17:15:32 [INFO] Authentication (publickey) successful!
2018-12-19 10:32:55 [INFO] Connected (version 2.0, client OpenSSH_7.4)
2018-12-19 10:32:55 [INFO] Authentication (publickey) successful!
2018-12-19 10:33:52 [INFO] Connected (version 2.0, client OpenSSH_7.4)
2018-12-19 10:33:52 [INFO] Authentication (publickey) successful!
2018-12-19 10:36:21 [INFO] Connected (version 2.0, client OpenSSH_7.4)
2018-12-19 10:36:21 [INFO] Authentication (publickey) successful!
2018-12-19 14:41:13 [WARNING] 获取Celery Task失败: '_LocalStack' object has no attribute 'iterkeys'
2018-12-19 15:31:32 [WARNING] 获取Celery Task失败: '_LocalStack' object has no attribute 'iterkeys'
2018-12-19 15:32:03 [WARNING] 获取Celery Task失败: '_LocalStack' object has no attribute 'iterkeys'
2018-12-19 15:32:08 [WARNING] 获取Celery Task失败: '_LocalStack' object has no attribute 'iterkeys'
2018-12-19 15:32:10 [WARNING] 获取Celery Task失败: '_LocalStack' object has no attribute 'iterkeys'
2018-12-19 15:32:17 [WARNING] 获取Celery Task失败: '_LocalStack' object has no attribute 'iterkeys'
2018-12-19 20:34:09 [WARNING] 写入服务器网卡信息失败: (1062, "Duplicate entry '5-c6:c3:ee:72:1e:1b' for key 'networkcard_assets_host_id_macaddress_fe227fda_uniq'")
2018-12-20 09:27:15 [WARNING] 获取Celery Task失败: '_LocalStack' object has no attribute 'iterkeys'
2018-12-20 13:59:02 [WARNING] 获取Celery Task失败: '_LocalStack' object has no attribute 'iterkeys'
2018-12-20 17:38:39 [WARNING] 获取Celery Task失败: '_LocalStack' object has no attribute 'iterkeys'
2018-12-21 09:17:31 [WARNING] 获取Celery Task失败: '_LocalStack' object has no attribute 'iterkeys'
2018-12-21 09:47:54 [WARNING] 获取Celery Task失败: '_LocalStack' object has no attribute 'iterkeys'
